[debug] [2025-08-21T18:09:19.418Z] ----------------------------------------------------------------------
[debug] [2025-08-21T18:09:19.424Z] Command:       C:\Program Files\nodejs\node.exe C:\Users\chigu\AppData\Roaming\npm\node_modules\firebase-tools\lib\bin\firebase.js init
[debug] [2025-08-21T18:09:19.425Z] CLI Version:   14.13.0
[debug] [2025-08-21T18:09:19.426Z] Platform:      win32
[debug] [2025-08-21T18:09:19.426Z] Node Version:  v20.19.4
[debug] [2025-08-21T18:09:19.426Z] Time:          Thu Aug 21 2025 23:39:19 GMT+0530 (India Standard Time)
[debug] [2025-08-21T18:09:19.427Z] ----------------------------------------------------------------------
[debug] 
[debug] [2025-08-21T18:09:19.440Z] > command requires scopes: ["email","openid","https://www.googleapis.com/auth/cloudplatformprojects.readonly","https://www.googleapis.com/auth/firebase","https://www.googleapis.com/auth/cloud-platform"]
[debug] [2025-08-21T18:09:19.442Z] > authorizing via signed-in user (rishitha.chigurupati@gmail.com)
[info] 
     ######## #### ########  ######## ########     ###     ######  ########
     ##        ##  ##     ## ##       ##     ##  ##   ##  ##       ##
     ######    ##  ########  ######   ########  #########  ######  ######
     ##        ##  ##    ##  ##       ##     ## ##     ##       ## ##
     ##       #### ##     ## ######## ########  ##     ##  ######  ########

You're about to initialize a Firebase project in this directory:

  C:\Users\chigu\Desktop\real-time-task-tracker

[debug] [2025-08-21T18:12:51.769Z] ExitPromptError: User force closed the prompt with SIGINT
    at Interface.sigint (C:\Users\chigu\AppData\Roaming\npm\node_modules\firebase-tools\node_modules\@inquirer\core\dist\commonjs\lib\create-prompt.js:101:37)
    at Interface.emit (node:events:524:28)
    at Interface.emit (node:domain:489:12)
    at [_ttyWrite] [as _ttyWrite] (node:internal/readline/interface:1125:18)
    at ReadStream.onkeypress (node:internal/readline/interface:264:20)
    at ReadStream.emit (node:events:536:35)
    at ReadStream.emit (node:domain:489:12)
    at emitKeys (node:internal/readline/utils:371:14)
    at emitKeys.next (<anonymous>)
    at ReadStream.onData (node:internal/readline/emitKeypressEvents:64:36)
[error] 
[error] Error: An unexpected error has occurred.
